# JRE version: OpenJDK Runtime Environment (8.0_191-b12) (build 1.8.0_191-8u191-b12-2ubuntu0.18.04.1-b12)
# Java VM: OpenJDK 64-Bit Server VM (25.191-b12 mixed mode linux-amd64 compressed oops)
Heap:
 PSYoungGen      total 200704K, used 29698K [0x00000000d7000000, 0x00000000e4a80000, 0x0000000100000000)
  eden space 186880K, 8% used [0x00000000d7000000,0x00000000d7f88538,0x00000000e2680000)
  from space 13824K, 99% used [0x00000000e3d00000,0x00000000e4a785e8,0x00000000e4a80000)
  to   space 17408K, 0% used [0x00000000e2880000,0x00000000e2880000,0x00000000e3980000)
 ParOldGen       total 95744K, used 23514K [0x0000000085000000, 0x000000008ad80000, 0x00000000d7000000)
  object space 95744K, 24% used [0x0000000085000000,0x00000000866f6a18,0x000000008ad80000)
 Metaspace       used 45357K, capacity 48464K, committed 48768K, reserved 1091584K
  class space    used 6146K, capacity 6725K, committed 6784K, reserved 1048576K
GC Heap History (10 events):
Event: 1,638 GC heap before
{Heap before GC invocations=8 (full 1):
 PSYoungGen      total 109056K, used 108600K [0x00000000d7000000, 0x00000000dfb00000, 0x0000000100000000)
  eden space 101888K, 100% used [0x00000000d7000000,0x00000000dd380000,0x00000000dd380000)
  from space 7168K, 93% used [0x00000000df400000,0x00000000dfa8e2f0,0x00000000dfb00000)
  to   space 8192K, 0% used [0x00000000deb00000,0x00000000deb00000,0x00000000df300000)
 ParOldGen       total 51712K, used 6273K [0x0000000085000000, 0x0000000088280000, 0x00000000d7000000)
  object space 51712K, 12% used [0x0000000085000000,0x0000000085620460,0x0000000088280000)
 Metaspace       used 28209K, capacity 29696K, committed 29952K, reserved 1075200K
  class space    used 3732K, capacity 4020K, committed 4096K, reserved 1048576K
Event: 1,645 GC heap after
Heap after GC invocations=8 (full 1):
 PSYoungGen      total 134144K, used 8175K [0x00000000d7000000, 0x00000000e2080000, 0x0000000100000000)
  eden space 125952K, 0% used [0x00000000d7000000,0x00000000d7000000,0x00000000deb00000)
  from space 8192K, 99% used [0x00000000deb00000,0x00000000df2fbc50,0x00000000df300000)
  to   space 11264K, 0% used [0x00000000e1580000,0x00000000e1580000,0x00000000e2080000)
 ParOldGen       total 51712K, used 11040K [0x0000000085000000, 0x0000000088280000, 0x00000000d7000000)
  object space 51712K, 21% used [0x0000000085000000,0x0000000085ac8388,0x0000000088280000)
 Metaspace       used 28209K, capacity 29696K, committed 29952K, reserved 1075200K
  class space    used 3732K, capacity 4020K, committed 4096K, reserved 1048576K
}
Event: 2,135 GC heap before
{Heap before GC invocations=9 (full 1):
 PSYoungGen      total 134144K, used 121921K [0x00000000d7000000, 0x00000000e2080000, 0x0000000100000000)
  eden space 125952K, 90% used [0x00000000d7000000,0x00000000ddf14b50,0x00000000deb00000)
  from space 8192K, 99% used [0x00000000deb00000,0x00000000df2fbc50,0x00000000df300000)
  to   space 11264K, 0% used [0x00000000e1580000,0x00000000e1580000,0x00000000e2080000)
 ParOldGen       total 51712K, used 11040K [0x0000000085000000, 0x0000000088280000, 0x00000000d7000000)
  object space 51712K, 21% used [0x0000000085000000,0x0000000085ac8388,0x0000000088280000)
 Metaspace       used 33757K, capacity 35358K, committed 35496K, reserved 1079296K
  class space    used 4419K, capacity 4769K, committed 4864K, reserved 1048576K
Event: 2,144 GC heap after
Heap after GC invocations=9 (full 1):
 PSYoungGen      total 164352K, used 11252K [0x00000000d7000000, 0x00000000e4a80000, 0x0000000100000000)
  eden space 153088K, 0% used [0x00000000d7000000,0x00000000d7000000,0x00000000e0580000)
  from space 11264K, 99% used [0x00000000e1580000,0x00000000e207d030,0x00000000e2080000)
  to   space 16384K, 0% used [0x00000000e0580000,0x00000000e0580000,0x00000000e1580000)
 ParOldGen       total 51712K, used 18585K [0x0000000085000000, 0x0000000088280000, 0x00000000d7000000)
  object space 51712K, 35% used [0x0000000085000000,0x00000000862264f8,0x0000000088280000)
 Metaspace       used 33757K, capacity 35358K, committed 35496K, reserved 1079296K
  class space    used 4419K, capacity 4769K, committed 4864K, reserved 1048576K
}
Event: 2,144 GC heap before
{Heap before GC invocations=10 (full 2):
 PSYoungGen      total 164352K, used 11252K [0x00000000d7000000, 0x00000000e4a80000, 0x0000000100000000)
  eden space 153088K, 0% used [0x00000000d7000000,0x00000000d7000000,0x00000000e0580000)
  from space 11264K, 99% used [0x00000000e1580000,0x00000000e207d030,0x00000000e2080000)
  to   space 16384K, 0% used [0x00000000e0580000,0x00000000e0580000,0x00000000e1580000)
 ParOldGen       total 51712K, used 18585K [0x0000000085000000, 0x0000000088280000, 0x00000000d7000000)
  object space 51712K, 35% used [0x0000000085000000,0x00000000862264f8,0x0000000088280000)
 Metaspace       used 33757K, capacity 35358K, committed 35496K, reserved 1079296K
  class space    used 4419K, capacity 4769K, committed 4864K, reserved 1048576K
Event: 2,204 GC heap after
Heap after GC invocations=10 (full 2):
 PSYoungGen      total 164352K, used 0K [0x00000000d7000000, 0x00000000e4a80000, 0x0000000100000000)
  eden space 153088K, 0% used [0x00000000d7000000,0x00000000d7000000,0x00000000e0580000)
  from space 11264K, 0% used [0x00000000e1580000,0x00000000e1580000,0x00000000e2080000)
  to   space 16384K, 0% used [0x00000000e0580000,0x00000000e0580000,0x00000000e1580000)
 ParOldGen       total 95744K, used 23498K [0x0000000085000000, 0x000000008ad80000, 0x00000000d7000000)
  object space 95744K, 24% used [0x0000000085000000,0x00000000866f2a18,0x000000008ad80000)
 Metaspace       used 33757K, capacity 35358K, committed 35496K, reserved 1079296K
  class space    used 4419K, capacity 4769K, committed 4864K, reserved 1048576K
}
Event: 2,772 GC heap before
{Heap before GC invocations=11 (full 2):
 PSYoungGen      total 164352K, used 153088K [0x00000000d7000000, 0x00000000e4a80000, 0x0000000100000000)
  eden space 153088K, 100% used [0x00000000d7000000,0x00000000e0580000,0x00000000e0580000)
  from space 11264K, 0% used [0x00000000e1580000,0x00000000e1580000,0x00000000e2080000)
  to   space 16384K, 0% used [0x00000000e0580000,0x00000000e0580000,0x00000000e1580000)
 ParOldGen       total 95744K, used 23498K [0x0000000085000000, 0x000000008ad80000, 0x00000000d7000000)
  object space 95744K, 24% used [0x0000000085000000,0x00000000866f2a18,0x000000008ad80000)
 Metaspace       used 38826K, capacity 41136K, committed 41344K, reserved 1085440K
  class space    used 5227K, capacity 5677K, committed 5760K, reserved 1048576K
Event: 2,779 GC heap after
Heap after GC invocations=11 (full 2):
 PSYoungGen      total 169472K, used 10927K [0x00000000d7000000, 0x00000000e4d00000, 0x0000000100000000)
  eden space 153088K, 0% used [0x00000000d7000000,0x00000000d7000000,0x00000000e0580000)
  from space 16384K, 66% used [0x00000000e0580000,0x00000000e102bc28,0x00000000e1580000)
  to   space 16384K, 0% used [0x00000000e3d00000,0x00000000e3d00000,0x00000000e4d00000)
 ParOldGen       total 95744K, used 23506K [0x0000000085000000, 0x000000008ad80000, 0x00000000d7000000)
  object space 95744K, 24% used [0x0000000085000000,0x00000000866f4a18,0x000000008ad80000)
 Metaspace       used 38826K, capacity 41136K, committed 41344K, reserved 1085440K
  class space    used 5227K, capacity 5677K, committed 5760K, reserved 1048576K
}
Event: 250,953 GC heap before
{Heap before GC invocations=12 (full 2):
 PSYoungGen      total 169472K, used 164015K [0x00000000d7000000, 0x00000000e4d00000, 0x0000000100000000)
  eden space 153088K, 100% used [0x00000000d7000000,0x00000000e0580000,0x00000000e0580000)
  from space 16384K, 66% used [0x00000000e0580000,0x00000000e102bc28,0x00000000e1580000)
  to   space 16384K, 0% used [0x00000000e3d00000,0x00000000e3d00000,0x00000000e4d00000)
 ParOldGen       total 95744K, used 23506K [0x0000000085000000, 0x000000008ad80000, 0x00000000d7000000)
  object space 95744K, 24% used [0x0000000085000000,0x00000000866f4a18,0x000000008ad80000)
 Metaspace       used 44960K, capacity 47936K, committed 48128K, reserved 1091584K
  class space    used 6102K, capacity 6647K, committed 6656K, reserved 1048576K
Event: 250,962 GC heap after
Heap after GC invocations=12 (full 2):
 PSYoungGen      total 200704K, used 13793K [0x00000000d7000000, 0x00000000e4a80000, 0x0000000100000000)
  eden space 186880K, 0% used [0x00000000d7000000,0x00000000d7000000,0x00000000e2680000)
  from space 13824K, 99% used [0x00000000e3d00000,0x00000000e4a785e8,0x00000000e4a80000)
  to   space 17408K, 0% used [0x00000000e2880000,0x00000000e2880000,0x00000000e3980000)
 ParOldGen       total 95744K, used 23514K [0x0000000085000000, 0x000000008ad80000, 0x00000000d7000000)
  object space 95744K, 24% used [0x0000000085000000,0x00000000866f6a18,0x000000008ad80000)
 Metaspace       used 44960K, capacity 47936K, committed 48128K, reserved 1091584K
  class space    used 6102K, capacity 6647K, committed 6656K, reserved 1048576K
}

